#
# A fatal error has been detected by the Java Runtime Environment:
#
#  EXCEPTION_ACCESS_VIOLATION (0xc0000005) at pc=0x0000000061657066, pid=8876, tid=0x00000000000019e4
#
# JRE version: Java(TM) SE Runtime Environment (8.0_181-b13) (build 1.8.0_181-b13)
# Java VM: Java HotSpot(TM) 64-Bit Server VM (25.181-b13 mixed mode windows-amd64 compressed oops)
# Problematic frame:
# V  [jvm.dll+0x237066]
#
# Failed to write core dump. Minidumps are not enabled by default on client versions of Windows
#
# If you would like to submit a bug report, please visit:
#   http://bugreport.java.com/bugreport/crash.jsp
#

---------------  T H R E A D  ---------------

Current thread (0x000000001dbf2000):  VMThread [stack: 0x000000001ec70000,0x000000001ed70000] [id=6628]

siginfo: ExceptionCode=0xc0000005, reading address 0x0000000000000008

Registers:
RAX=0x0000000000000000, RBX=0x000000001ed6e890, RCX=0x000000001ed6e890, RDX=0x0000000000000028
RSP=0x000000001ed6e5c0, RBP=0x000000001ed6edd0, RSI=0x0000000000000000, RDI=0x000000001ed6ef60
R8 =0x0000000000000000, R9 =0x000000001c0f9790, R10=0x0000000000000008, R11=0x0000000061a27f18
R12=0x000000000289e590, R13=0x000000001ed6ed90, R14=0x00000000000003d8, R15=0x000000001ed6ed80
RIP=0x0000000061657066, EFLAGS=0x0000000000010206

Top of Stack: (sp=0x000000001ed6e5c0)
0x000000001ed6e5c0:   000000000289e4c0 0000000061666dbb
0x000000001ed6e5d0:   000000001c5456d0 000000001c5456d0
0x000000001ed6e5e0:   000000076bf55360 000000076bf55360
0x000000001ed6e5f0:   000000001ed6ec70 00000000616671b9
0x000000001ed6e600:   0000000021df6200 000000001ed6ecd0
0x000000001ed6e610:   000000001ed6ecd0 000000006166727b
0x000000001ed6e620:   0000000021df6200 000000076beff638
0x000000001ed6e630:   0000dadfe2656a6f 000000001de871f0
0x000000001ed6e640:   000000000251f510 00000000028f08da
0x000000001ed6e650:   00000000028f0790 0000000700000000
0x000000001ed6e660:   000000000251f600 000000000251f520
0x000000001ed6e670:   000000076d727730 000000076d722b58
0x000000001ed6e680:   000000076d71fa98 000000076d71c420
0x000000001ed6e690:   000000076d719a10 000000076d717748
0x000000001ed6e6a0:   000000076d714848 000000076d711650
0x000000001ed6e6b0:   000000076d7074d8 000000076d703db0 

Instructions: (pc=0x0000000061657066)
0x0000000061657046:   01 00 00 48 8b 05 30 a8 5b 00 48 33 c4 48 89 84
0x0000000061657056:   24 30 01 00 00 4c 63 41 10 48 8b 41 08 48 8b d9
0x0000000061657066:   42 38 54 00 08 74 33 44 0f be c2 48 8d 4c 24 20
0x0000000061657076:   48 8d 15 13 e3 3e 00 e8 ee ec de ff 48 8d 0d 97 


Register to memory mapping:

RAX=0x0000000000000000 is an unknown value
RBX=0x000000001ed6e890 is an unknown value
RCX=0x000000001ed6e890 is an unknown value
RDX=0x0000000000000028 is an unknown value
RSP=0x000000001ed6e5c0 is an unknown value
RBP=0x000000001ed6edd0 is an unknown value
RSI=0x0000000000000000 is an unknown value
RDI=0x000000001ed6ef60 is an unknown value
R8 =0x0000000000000000 is an unknown value
R9 =0x000000001c0f9790 is pointing into metadata
R10=0x0000000000000008 is an unknown value
R11=0x0000000061a27f18 is an unknown value
R12=0x000000000289e590 is an unknown value
R13=0x000000001ed6ed90 is an unknown value
R14=0x00000000000003d8 is an unknown value
R15=0x000000001ed6ed80 is an unknown value


Stack: [0x000000001ec70000,0x000000001ed70000],  sp=0x000000001ed6e5c0,  free space=1017k
Native frames: (J=compiled Java code, j=interpreted, Vv=VM code, C=native code)
V  [jvm.dll+0x237066]
V  [jvm.dll+0x2376e4]
V  [jvm.dll+0xff4a3]
V  [jvm.dll+0x102593]
V  [jvm.dll+0x10305f]
V  [jvm.dll+0x1038a5]
V  [jvm.dll+0x103af2]
V  [jvm.dll+0xc50be]
V  [jvm.dll+0xc5748]
V  [jvm.dll+0xc587a]
V  [jvm.dll+0xc5a78]
V  [jvm.dll+0x10f94a]
V  [jvm.dll+0x12d22f]
V  [jvm.dll+0x1bf3df]
V  [jvm.dll+0x24cc27]
V  [jvm.dll+0x24bec6]
V  [jvm.dll+0x24c361]
V  [jvm.dll+0x24c57e]
V  [jvm.dll+0x29e64a]
C  [msvcr100.dll+0x21d9f]
C  [msvcr100.dll+0x21e3b]
C  [KERNEL32.DLL+0x13dc4]
C  [ntdll.dll+0x73691]

VM_Operation (0x000000001f5af7c0): GetOrSetLocal, mode: safepoint, requested by thread 0x000000001dc2f000


---------------  P R O C E S S  ---------------

Java Threads: ( => current thread )
  0x0000000020147800 JavaThread "ReaderThread" [_thread_in_native, id=15236, stack(0x0000000021580000,0x0000000021680000)]
  0x000000001de9c800 JavaThread "Service Thread" daemon [_thread_blocked, id=12040, stack(0x000000001fbb0000,0x000000001fcb0000)]
  0x000000001de43800 JavaThread "C1 CompilerThread3" daemon [_thread_blocked, id=16472, stack(0x000000001fab0000,0x000000001fbb0000)]
  0x000000001de99800 JavaThread "C2 CompilerThread2" daemon [_thread_blocked, id=7796, stack(0x000000001f9b0000,0x000000001fab0000)]
  0x000000001ddce800 JavaThread "C2 CompilerThread1" daemon [_thread_blocked, id=20204, stack(0x000000001f8b0000,0x000000001f9b0000)]
  0x000000001de91000 JavaThread "C2 CompilerThread0" daemon [_thread_blocked, id=11516, stack(0x000000001f7b0000,0x000000001f8b0000)]
  0x000000001dc43000 JavaThread "JDWP Command Reader" daemon [_thread_in_native, id=21472, stack(0x000000001f6b0000,0x000000001f7b0000)]
  0x000000001dc3c000 JavaThread "JDWP Event Helper Thread" daemon [_thread_blocked, id=9192, stack(0x000000001f5b0000,0x000000001f6b0000)]
  0x000000001dc2f000 JavaThread "JDWP Transport Listener: dt_socket" daemon [_thread_blocked, id=9132, stack(0x000000001f4b0000,0x000000001f5b0000)]
  0x000000001dc26000 JavaThread "Attach Listener" daemon [_thread_blocked, id=13108, stack(0x000000001f070000,0x000000001f170000)]
  0x000000001dc25000 JavaThread "Signal Dispatcher" daemon [_thread_blocked, id=7856, stack(0x000000001ef70000,0x000000001f070000)]
  0x000000001dc13000 JavaThread "Finalizer" daemon [_thread_blocked, id=4808, stack(0x000000001ee70000,0x000000001ef70000)]
  0x00000000028ec000 JavaThread "Reference Handler" daemon [_thread_blocked, id=18416, stack(0x000000001ed70000,0x000000001ee70000)]
  0x00000000027f3800 JavaThread "main" [_thread_blocked, id=14368, stack(0x0000000002420000,0x0000000002520000)]

Other Threads:
=>0x000000001dbf2000 VMThread [stack: 0x000000001ec70000,0x000000001ed70000] [id=6628]
  0x000000001de5f000 WatcherThread [stack: 0x000000001fcb0000,0x000000001fdb0000] [id=16568]

VM state:at safepoint (normal execution)

VM Mutex/Monitor currently owned by a thread:  ([mutex/lock_event])
[0x00000000027f0dd0] Threads_lock - owner thread: 0x000000001dbf2000

Heap:
 PSYoungGen      total 76288K, used 40715K [0x000000076b180000, 0x0000000770680000, 0x00000007c0000000)
  eden space 65536K, 62% used [0x000000076b180000,0x000000076d942e08,0x000000076f180000)
  from space 10752K, 0% used [0x000000076fc00000,0x000000076fc00000,0x0000000770680000)
  to   space 10752K, 0% used [0x000000076f180000,0x000000076f180000,0x000000076fc00000)
 ParOldGen       total 175104K, used 0K [0x00000006c1400000, 0x00000006cbf00000, 0x000000076b180000)
  object space 175104K, 0% used [0x00000006c1400000,0x00000006c1400000,0x00000006cbf00000)
 Metaspace       used 9243K, capacity 9970K, committed 9984K, reserved 1058816K
  class space    used 1108K, capacity 1272K, committed 1280K, reserved 1048576K

Card table byte_map: [0x0000000011cb0000,0x00000000124b0000] byte_map_base: 0x000000000e6a6000

Marking Bits: (ParMarkBitMap*) 0x0000000061c42d00
 Begin Bits: [0x0000000013400000, 0x00000000173b0000)
 End Bits:   [0x00000000173b0000, 0x000000001b360000)

Polling page: 0x0000000000430000

CodeCache: size=245760Kb used=4475Kb max_used=4547Kb free=241284Kb
 bounds [0x00000000028f0000, 0x0000000002d70000, 0x00000000118f0000]
 total_blobs=1424 nmethods=1115 adapters=230
 compilation: enabled

Compilation events (10 events):
Event: 1.431 Thread 0x000000001de91000 nmethod 1092 0x0000000002d2f510 code [0x0000000002d2f6c0, 0x0000000002d309d8]
Event: 2.031 Thread 0x000000001de99800 nmethod 862 0x0000000002d44850 code [0x0000000002d456a0, 0x0000000002d579d8]
Event: 33.315 Thread 0x000000001de43800 1113       3       java.util.Arrays::asList (9 bytes)
Event: 33.316 Thread 0x000000001de43800 nmethod 1113 0x0000000002d27450 code [0x0000000002d27600, 0x0000000002d27a88]
Event: 33.316 Thread 0x000000001de43800 1114       3       java.util.Arrays$ArrayList::<init> (16 bytes)
Event: 33.316 Thread 0x000000001de43800 nmethod 1114 0x0000000002d2ed90 code [0x0000000002d2ef20, 0x0000000002d2f308]
Event: 36.042 Thread 0x000000001de43800 1115       3       java.lang.String::valueOf (14 bytes)
Event: 36.043 Thread 0x000000001de43800 nmethod 1115 0x0000000002d2e910 code [0x0000000002d2ea80, 0x0000000002d2ece8]
Event: 36.043 Thread 0x000000001de43800 1116       3       java.lang.StringBuilder::append (9 bytes)
Event: 36.043 Thread 0x000000001de43800 nmethod 1116 0x0000000002d2e210 code [0x0000000002d2e3a0, 0x0000000002d2e798]

GC Heap History (0 events):
No events

Deoptimization events (10 events):
Event: 1.169 Thread 0x00000000027f3800 Uncommon trap: reason=unstable_if action=reinterpret pc=0x0000000002c25f04 method=java.util.HashMap.getNode(ILjava/lang/Object;)Ljava/util/HashMap$Node; @ 129
Event: 1.175 Thread 0x00000000027f3800 Uncommon trap: reason=class_check action=maybe_recompile pc=0x0000000002c2d504 method=java.util.HashMap.putVal(ILjava/lang/Object;Ljava/lang/Object;ZZ)Ljava/lang/Object; @ 253
Event: 1.176 Thread 0x00000000027f3800 Uncommon trap: reason=class_check action=maybe_recompile pc=0x0000000002c2d504 method=java.util.HashMap.putVal(ILjava/lang/Object;Ljava/lang/Object;ZZ)Ljava/lang/Object; @ 253
Event: 1.205 Thread 0x00000000027f3800 Uncommon trap: reason=class_check action=maybe_recompile pc=0x0000000002c2d504 method=java.util.HashMap.putVal(ILjava/lang/Object;Ljava/lang/Object;ZZ)Ljava/lang/Object; @ 253
Event: 1.215 Thread 0x00000000027f3800 Uncommon trap: reason=class_check action=maybe_recompile pc=0x0000000002c2d504 method=java.util.HashMap.putVal(ILjava/lang/Object;Ljava/lang/Object;ZZ)Ljava/lang/Object; @ 253
Event: 1.348 Thread 0x00000000027f3800 Uncommon trap: reason=unstable_if action=reinterpret pc=0x0000000002cd0068 method=org.eclipse.jdt.launching.internal.org.objectweb.asm.ByteVector.putByteArray([BII)Lorg/eclipse/jdt/launching/internal/org/objectweb/asm/ByteVector; @ 20
Event: 1.349 Thread 0x00000000027f3800 Uncommon trap: reason=unstable_if action=reinterpret pc=0x0000000002c6d8a0 method=org.eclipse.jdt.launching.internal.org.objectweb.asm.ByteVector.putInt(I)Lorg/eclipse/jdt/launching/internal/org/objectweb/asm/ByteVector; @ 13
Event: 1.349 Thread 0x00000000027f3800 Uncommon trap: reason=unstable_if action=reinterpret pc=0x0000000002c976bc method=org.eclipse.jdt.launching.internal.org.objectweb.asm.Label.resolve([BI)Z @ 70
Event: 1.349 Thread 0x00000000027f3800 Uncommon trap: reason=unstable_if action=reinterpret pc=0x0000000002c9acd0 method=org.eclipse.jdt.launching.internal.org.objectweb.asm.Label.resolve([BI)Z @ 70
Event: 1.373 Thread 0x00000000027f3800 Uncommon trap: reason=unstable_if action=reinterpret pc=0x0000000002ca9440 method=jdk.internal.org.objectweb.asm.Type.getArgumentsAndReturnSizes(Ljava/lang/String;)I @ 88

Classes redefined (2 events):
Event: 13.443 Thread 0x000000001dbf2000 redefined class name=CreatureTest, count=1
Event: 96.256 Thread 0x000000001dbf2000 redefined class name=CreatureTest, count=2

Internal exceptions (10 events):
Event: 0.947 Thread 0x00000000027f3800 Exception <a 'java/security/PrivilegedActionException'> (0x000000076bf8e518) thrown at [C:\re\workspace\8-2-build-windows-amd64-cygwin\jdk8u181\11358\hotspot\src\share\vm\prims\jvm.cpp, line 1435]
Event: 0.947 Thread 0x00000000027f3800 Exception <a 'java/security/PrivilegedActionException'> (0x000000076bf8e910) thrown at [C:\re\workspace\8-2-build-windows-amd64-cygwin\jdk8u181\11358\hotspot\src\share\vm\prims\jvm.cpp, line 1435]
Event: 1.086 Thread 0x00000000027f3800 Exception <a 'java/lang/NoSuchMethodError': java.lang.Object.lambda$or$2(Ljava/util/function/Predicate;Ljava/lang/Object;)Z> (0x000000076c7f5288) thrown at [C:\re\workspace\8-2-build-windows-amd64-cygwin\jdk8u181\11358\hotspot\src\share\vm\interpreter\lin
Event: 1.131 Thread 0x00000000027f3800 Exception <a 'java/lang/IncompatibleClassChangeError': Found class java.lang.Object, but interface was expected> (0x000000076ca89d40) thrown at [C:\re\workspace\8-2-build-windows-amd64-cygwin\jdk8u181\11358\hotspot\src\share\vm\interpreter\linkResolver.cp
Event: 1.180 Thread 0x00000000027f3800 Exception <a 'java/lang/NoSuchMethodError': java.lang.Object.lambda$andThen$1(Ljava/util/function/Function;Ljava/lang/Object;)Ljava/lang/Object;> (0x000000076cd2bcc8) thrown at [C:\re\workspace\8-2-build-windows-amd64-cygwin\jdk8u181\11358\hotspot\src\sha
Event: 1.226 Thread 0x00000000027f3800 Exception <a 'java/lang/NoSuchMethodError': java.lang.Object.lambda$accept$0(Lorg/junit/platform/engine/TestDescriptor$Visitor;Lorg/junit/platform/engine/TestDescriptor;)V> (0x000000076cea60d8) thrown at [C:\re\workspace\8-2-build-windows-amd64-cygwin\jdk
Event: 1.229 Thread 0x00000000027f3800 Exception <a 'java/lang/IncompatibleClassChangeError': Found class java.lang.Object, but interface was expected> (0x000000076cec0f28) thrown at [C:\re\workspace\8-2-build-windows-amd64-cygwin\jdk8u181\11358\hotspot\src\share\vm\interpreter\linkResolver.cp
Event: 1.231 Thread 0x00000000027f3800 Exception <a 'java/lang/NoSuchMethodError': java.lang.Object.containsTests(Lorg/junit/platform/engine/TestDescriptor;)Z> (0x000000076cecdd48) thrown at [C:\re\workspace\8-2-build-windows-amd64-cygwin\jdk8u181\11358\hotspot\src\share\vm\interpreter\linkRes
Event: 1.348 Thread 0x00000000027f3800 Implicit null exception at 0x0000000002ccff34 to 0x0000000002cd0049
Event: 1.375 Thread 0x00000000027f3800 Exception <a 'java/lang/NoSuchMethodError': java.lang.Object.lambda$and$0(Ljava/util/function/Predicate;Ljava/lang/Object;)Z> (0x000000076d711b40) thrown at [C:\re\workspace\8-2-build-windows-amd64-cygwin\jdk8u181\11358\hotspot\src\share\vm\interpreter\li

Events (10 events):
Event: 96.257 Executing VM operation: RedefineClasses done
Event: 96.269 Executing VM operation: ChangeBreakpoints
Event: 96.271 Executing VM operation: ChangeBreakpoints done
Event: 96.279 Executing VM operation: EnterInterpOnlyMode
Event: 96.279 Executing VM operation: EnterInterpOnlyMode done
Event: 96.279 Executing VM operation: GetCurrentLocation
Event: 96.279 Executing VM operation: GetCurrentLocation done
Event: 96.279 Executing VM operation: ChangeSingleStep
Event: 96.279 Executing VM operation: ChangeSingleStep done
Event: 96.280 Executing VM operation: GetOrSetLocal


Dynamic libraries:
0x00007ff62ee60000 - 0x00007ff62ee97000 	C:\Program Files\Java\jdk1.8.0_181\bin\javaw.exe
0x00007ff86a4b0000 - 0x00007ff86a691000 	C:\Windows\SYSTEM32\ntdll.dll
0x00007ff86a020000 - 0x00007ff86a0d2000 	C:\Windows\System32\KERNEL32.DLL
0x00007ff866880000 - 0x00007ff866af3000 	C:\Windows\System32\KERNELBASE.dll
0x00007ff869be0000 - 0x00007ff869c81000 	C:\Windows\System32\ADVAPI32.dll
0x00007ff86a2b0000 - 0x00007ff86a34e000 	C:\Windows\System32\msvcrt.dll
0x00007ff867b40000 - 0x00007ff867b9b000 	C:\Windows\System32\sechost.dll
0x00007ff86a350000 - 0x00007ff86a474000 	C:\Windows\System32\RPCRT4.dll
0x00007ff869cf0000 - 0x00007ff869e80000 	C:\Windows\System32\USER32.dll
0x00007ff866ea0000 - 0x00007ff866ec0000 	C:\Windows\System32\win32u.dll
0x00007ff86a140000 - 0x00007ff86a168000 	C:\Windows\System32\GDI32.dll
0x00007ff866c00000 - 0x00007ff866d92000 	C:\Windows\System32\gdi32full.dll
0x00007ff866b60000 - 0x00007ff866bff000 	C:\Windows\System32\msvcp_win.dll
0x00007ff866da0000 - 0x00007ff866e98000 	C:\Windows\System32\ucrtbase.dll
0x00007ff85c050000 - 0x00007ff85c2b9000 	C:\Windows\WinSxS\amd64_microsoft.windows.common-controls_6595b64144ccf1df_6.0.17134.648_none_fb45a0e93062a6d2\COMCTL32.dll
0x00007ff867ed0000 - 0x00007ff8681f2000 	C:\Windows\System32\combase.dll
0x00007ff866ec0000 - 0x00007ff866f3a000 	C:\Windows\System32\bcryptPrimitives.dll
0x00007ff8696a0000 - 0x00007ff8696cd000 	C:\Windows\System32\IMM32.DLL
0x0000000061f60000 - 0x0000000062032000 	C:\Program Files\Java\jdk1.8.0_181\jre\bin\msvcr100.dll
0x0000000061420000 - 0x0000000061cc2000 	C:\Program Files\Java\jdk1.8.0_181\jre\bin\server\jvm.dll
0x00007ff86a010000 - 0x00007ff86a018000 	C:\Windows\System32\PSAPI.DLL
0x00007ff861750000 - 0x00007ff861759000 	C:\Windows\SYSTEM32\WSOCK32.dll
0x00007ff860ef0000 - 0x00007ff860efa000 	C:\Windows\SYSTEM32\VERSION.dll
0x00007ff84f010000 - 0x00007ff84f033000 	C:\Windows\SYSTEM32\WINMM.dll
0x00007ff86a170000 - 0x00007ff86a1dc000 	C:\Windows\System32\WS2_32.dll
0x00007ff84ee00000 - 0x00007ff84ee2a000 	C:\Windows\SYSTEM32\winmmbase.dll
0x00007ff8678f0000 - 0x00007ff867939000 	C:\Windows\System32\cfgmgr32.dll
0x0000000061da0000 - 0x0000000061daf000 	C:\Program Files\Java\jdk1.8.0_181\jre\bin\verify.dll
0x0000000061d70000 - 0x0000000061d99000 	C:\Program Files\Java\jdk1.8.0_181\jre\bin\java.dll
0x0000000061f20000 - 0x0000000061f55000 	C:\Program Files\Java\jdk1.8.0_181\jre\bin\jdwp.dll
0x0000000061f10000 - 0x0000000061f18000 	C:\Program Files\Java\jdk1.8.0_181\jre\bin\npt.dll
0x0000000061ee0000 - 0x0000000061f03000 	C:\Program Files\Java\jdk1.8.0_181\jre\bin\instrument.dll
0x0000000061d50000 - 0x0000000061d66000 	C:\Program Files\Java\jdk1.8.0_181\jre\bin\zip.dll
0x00007ff868260000 - 0x00007ff8696a0000 	C:\Windows\System32\SHELL32.dll
0x00007ff869b20000 - 0x00007ff869bc9000 	C:\Windows\System32\shcore.dll
0x00007ff8671e0000 - 0x00007ff8678ed000 	C:\Windows\System32\windows.storage.dll
0x00007ff868200000 - 0x00007ff868251000 	C:\Windows\System32\shlwapi.dll
0x00007ff866810000 - 0x00007ff866821000 	C:\Windows\System32\kernel.appcore.dll
0x00007ff8667e0000 - 0x00007ff8667ff000 	C:\Windows\System32\profapi.dll
0x00007ff866830000 - 0x00007ff86687c000 	C:\Windows\System32\powrprof.dll
0x00007ff866800000 - 0x00007ff86680a000 	C:\Windows\System32\FLTLIB.DLL
0x0000000061ed0000 - 0x0000000061ed9000 	C:\Program Files\Java\jdk1.8.0_181\jre\bin\dt_socket.dll
0x00007ff859030000 - 0x00007ff859046000 	C:\Windows\system32\napinsp.dll
0x00007ff8593b0000 - 0x00007ff8593ca000 	C:\Windows\system32\pnrpnsp.dll
0x00007ff861690000 - 0x00007ff8616a9000 	C:\Windows\system32\NLAapi.dll
0x00007ff866040000 - 0x00007ff8660a6000 	C:\Windows\System32\mswsock.dll
0x00007ff865e00000 - 0x00007ff865ebe000 	C:\Windows\SYSTEM32\DNSAPI.dll
0x00007ff869bd0000 - 0x00007ff869bd8000 	C:\Windows\System32\NSI.dll
0x00007ff865dc0000 - 0x00007ff865df8000 	C:\Windows\SYSTEM32\IPHLPAPI.DLL
0x00007ff85d930000 - 0x00007ff85d93e000 	C:\Windows\System32\winrnr.dll
0x00007ff828290000 - 0x00007ff8282a5000 	C:\Windows\System32\wshbth.dll
0x00007ff85b8f0000 - 0x00007ff85b962000 	C:\Windows\System32\fwpuclnt.dll
0x00007ff866320000 - 0x00007ff866345000 	C:\Windows\SYSTEM32\bcrypt.dll
0x00007ff85c2c0000 - 0x00007ff85c2ca000 	C:\Windows\System32\rasadhlp.dll
0x0000000061d30000 - 0x0000000061d4a000 	C:\Program Files\Java\jdk1.8.0_181\jre\bin\net.dll
0x00007ff865220000 - 0x00007ff8653e9000 	C:\Windows\SYSTEM32\dbghelp.dll

VM Arguments:
jvm_args: -agentlib:jdwp=transport=dt_socket,suspend=y,address=localhost:59903 -ea -javaagent:D:\Jacqueline\eclipse\configuration\org.eclipse.osgi\237\0\.cp\lib\javaagent-shaded.jar -Dfile.encoding=Cp1252 
java_command: org.eclipse.jdt.internal.junit.runner.RemoteTestRunner -version 3 -port 59902 -testLoaderClass org.eclipse.jdt.internal.junit5.runner.JUnit5TestLoader -loaderpluginname org.eclipse.jdt.junit5.runtime -classNames CreatureTest
java_class_path (initial): C:\Users\Jacqueline Chambers\git\Digimon\Pokemongame\bin;C:\Users\Jacqueline Chambers\.p2\pool\plugins\org.junit.jupiter.api_5.1.0.v20180327-1502.jar;C:\Users\Jacqueline Chambers\.p2\pool\plugins\org.junit.jupiter.engine_5.1.0.v20180327-1502.jar;C:\Users\Jacqueline Chambers\.p2\pool\plugins\org.junit.jupiter.migrationsupport_5.1.0.v20180327-1502.jar;C:\Users\Jacqueline Chambers\.p2\pool\plugins\org.junit.jupiter.params_5.1.0.v20180327-1502.jar;C:\Users\Jacqueline Chambers\.p2\pool\plugins\org.junit.platform.commons_1.1.0.v20180327-1502.jar;C:\Users\Jacqueline Chambers\.p2\pool\plugins\org.junit.platform.engine_1.1.0.v20180327-1502.jar;C:\Users\Jacqueline Chambers\.p2\pool\plugins\org.junit.platform.launcher_1.1.0.v20180327-1502.jar;C:\Users\Jacqueline Chambers\.p2\pool\plugins\org.junit.platform.runner_1.1.0.v20180327-1502.jar;C:\Users\Jacqueline Chambers\.p2\pool\plugins\org.junit.platform.suite.api_1.1.0.v20180327-1502.jar;C:\Users\Jacqueline Chambers\.p2\pool\plugins\org.junit.vintage.engine_5.1.0.v20180327-1502.jar;C:\Users\Jacqueline Chambers\.p2\pool\plugins\org.opentest4j_1.0.0.v20180327-1502.jar;C:\Users\Jacqueline Chambers\.p2\pool\plugins\org.apiguardian_1.0.0.v20180327-1502.jar;C:\Users\Jacqueline Chambers\.p2\pool\plugins\org.junit_4.12.0.v201504281640\junit.jar;C:\Users\Jacqueline Chambers\.p2\pool\plugins\org.hamcrest.core_1.3.0.v20180420-1519.jar;D:\Jacqueline\eclipse\configuration\org.eclipse.osgi\236\0\.cp;D:\Jacqueline\eclipse\configuration\org.eclipse.osgi\234\0\.cp;D:\Jacqueline\eclipse\configuration\org.eclipse.osgi\237\0\.cp\lib\javaagent-shaded.jar
Launcher Type: SUN_STANDARD

Environment Variables:
PATH=C:\Program Files\Java\jdk1.8.0_181\jre\bin;C:/Program Files/Java/jdk1.8.0_181/jre/bin/server;C:/Program Files/Java/jdk1.8.0_181/jre/bin;C:/Program Files/Java/jdk1.8.0_181/jre/lib/amd64;C:\Program Files (x86)\Common Files\Oracle\Java\javapath;C:\Windows\system32;C:\Windows;C:\Windows\System32\Wbem;C:\Windows\System32\WindowsPowerShell\v1.0\;C:\Windows\System32\OpenSSH\;C:\Users\Jacqueline Chambers\AppData\Local\Microsoft\WindowsApps;;C:\Windows\system32;
USERNAME=Jacqueline Chambers
OS=Windows_NT
PROCESSOR_IDENTIFIER=Intel64 Family 6 Model 158 Stepping 10, GenuineIntel



---------------  S Y S T E M  ---------------

OS: Windows 10.0 , 64 bit Build 17134 (10.0.17134.648)

CPU:total 12 (initial active 12) (6 cores per cpu, 2 threads per core) family 6 model 158 stepping 10, cmov, cx8, fxsr, mmx, sse, sse2, sse3, ssse3, sse4.1, sse4.2, popcnt, avx, avx2, aes, clmul, erms, 3dnowpref, lzcnt, ht, tsc, tscinvbit, bmi1, bmi2, adx

Memory: 4k page, physical 16694568k(10522964k free), swap 23510312k(14130672k free)

vm_info: Java HotSpot(TM) 64-Bit Server VM (25.181-b13) for windows-amd64 JRE (1.8.0_181-b13), built on Jul  7 2018 04:01:33 by "java_re" with MS VC++ 10.0 (VS2010)

time: Thu Mar 14 15:22:09 2019
elapsed time: 96 seconds (0d 0h 1m 36s)

